idx,signal,price,portfolio
0,buy,17498.091796875,82501.908203125
0,sell,17498.091796875,100000.0
2,buy,17521.44921875,82478.55078125
2,sell,17526.0,100004.55078125
3,buy,17535.900390625,82468.650390625
3,sell,17535.900390625,100004.55078125
6,buy,17535.513671875,82469.037109375
6,sell,17535.513671875,100004.55078125
8,buy,17524.9140625,82479.63671875
8,sell,17524.9140625,100004.55078125
9,buy,17529.2421875,82475.30859375
9,sell,17529.2421875,100004.55078125
12,buy,17514.837890625,82489.712890625
12,sell,17514.837890625,100004.55078125
13,buy,17504.298828125,82500.251953125
13,sell,17504.298828125,100004.55078125
16,buy,17526.283203125,82478.267578125
16,sell,17538.064453125,100016.33203125
18,buy,17519.451171875,82496.880859375
18,sell,17519.451171875,100016.33203125
19,buy,17535.857421875,82480.474609375
19,sell,17535.857421875,100016.33203125
20,buy,17546.10546875,82470.2265625
20,sell,17550.224609375,100020.451171875
23,buy,17572.080078125,82448.37109375
23,sell,17572.080078125,100020.451171875
27,buy,17571.529296875,82448.921875
27,sell,17571.529296875,100020.451171875
28,buy,17577.560546875,82442.890625
28,sell,17577.560546875,100020.451171875
32,buy,17497.525390625,82522.92578125
32,sell,17497.525390625,100020.451171875
34,buy,17713.00390625,82307.447265625
34,sell,17713.00390625,100020.451171875
36,buy,17865.4765625,82154.974609375
36,sell,17865.4765625,100020.451171875
37,buy,17955.54296875,82064.908203125
37,sell,17959.578125,100024.486328125
38,buy,17991.783203125,82032.703125
38,sell,18001.830078125,100034.533203125
39,buy,18024.8046875,82009.728515625
39,sell,18024.8046875,100034.533203125
40,buy,18042.990234375,81991.54296875
40,sell,18055.3125,100046.85546875
41,buy,18055.060546875,81991.794921875
41,sell,18068.9453125,100060.740234375
42,buy,18056.38671875,82004.353515625
42,sell,18059.9140625,100064.267578125
43,buy,18043.41015625,82020.857421875
43,sell,18043.41015625,100064.267578125
44,buy,18036.51171875,82027.755859375
44,sell,18036.51171875,100064.267578125
45,buy,18010.705078125,82053.5625
45,sell,18026.685546875,100080.248046875
46,buy,18006.732421875,82073.515625
46,sell,18006.732421875,100080.248046875
47,buy,17984.6328125,82095.615234375
47,sell,17991.400390625,100087.015625
48,buy,17991.107421875,82095.908203125
48,sell,17991.107421875,100087.015625
49,buy,17984.173828125,82102.841796875
49,sell,17988.83984375,100091.681640625
51,buy,17959.4453125,82132.236328125
51,sell,17959.4453125,100091.681640625
53,buy,17945.822265625,82145.859375
53,sell,17955.529296875,100101.388671875
54,buy,17920.474609375,82180.9140625
54,sell,17926.50390625,100107.41796875
55,buy,17927.826171875,82179.591796875
55,sell,17940.947265625,100120.5390625
56,buy,17928.1328125,82192.40625
56,sell,17932.720703125,100125.126953125
57,buy,17935.267578125,82189.859375
57,sell,17946.416015625,100136.275390625
59,buy,17979.158203125,82157.1171875
59,sell,17979.158203125,100136.275390625
60,buy,17989.400390625,82146.875
60,sell,17994.7265625,100141.6015625
61,buy,18001.259765625,82140.341796875
61,sell,18008.732421875,100149.07421875
62,buy,18014.275390625,82134.798828125
62,sell,18017.89453125,100152.693359375
63,buy,18006.546875,82146.146484375
63,sell,18011.716796875,100157.86328125
64,buy,18012.53125,82145.33203125
64,sell,18019.81640625,100165.1484375
65,buy,18024.220703125,82140.927734375
65,sell,18028.400390625,100169.328125
66,buy,18037.017578125,82132.310546875
66,sell,18044.1640625,100176.474609375
67,buy,18074.189453125,82102.28515625
67,sell,18074.189453125,100176.474609375
68,buy,18064.07421875,82112.400390625
68,sell,18076.068359375,100188.46875
70,buy,18088.173828125,82100.294921875
70,sell,18088.173828125,100188.46875
71,buy,18075.171875,82113.296875
71,sell,18096.451171875,100209.748046875
72,buy,18058.896484375,82150.8515625
72,sell,18069.490234375,100220.341796875
73,buy,18038.32421875,82182.017578125
73,sell,18040.931640625,100222.94921875
74,buy,18027.083984375,82195.865234375
74,sell,18043.732421875,100239.59765625
75,buy,18015.16796875,82224.4296875
75,sell,18032.111328125,100256.541015625
76,buy,18007.236328125,82249.3046875
76,sell,18021.91796875,100271.22265625
77,buy,18003.78125,82267.44140625
77,sell,18015.916015625,100283.357421875
78,buy,17994.37890625,82288.978515625
78,sell,18001.052734375,100290.03125
79,buy,18000.744140625,82289.287109375
79,sell,18001.802734375,100291.08984375
81,buy,17998.326171875,82292.763671875
81,sell,18009.763671875,100302.52734375
82,buy,18009.525390625,82293.001953125
82,sell,18017.6875,100310.689453125
83,buy,18012.802734375,82297.88671875
83,sell,18017.712890625,100315.599609375
84,buy,18020.873046875,82294.7265625
84,sell,18027.501953125,100322.228515625
85,buy,18032.5,82289.728515625
85,sell,18033.271484375,100323.0
87,buy,18020.962890625,82302.037109375
87,sell,18028.341796875,100330.37890625
88,buy,18018.201171875,82312.177734375
88,sell,18033.740234375,100345.91796875
89,buy,18034.537109375,82311.380859375
89,sell,18034.537109375,100345.91796875
91,buy,18014.9375,82330.98046875
91,sell,18021.771484375,100352.751953125
92,buy,18012.318359375,82340.43359375
92,sell,18019.625,100360.05859375
93,buy,18024.474609375,82335.583984375
93,sell,18035.458984375,100371.04296875
95,buy,18055.017578125,82316.025390625
95,sell,18061.037109375,100377.0625
96,buy,18061.4296875,82315.6328125
96,sell,18073.796875,100389.4296875
97,buy,18078.158203125,82311.271484375
97,sell,18096.3671875,100407.638671875
98,buy,18090.82421875,82316.814453125
98,sell,18102.79296875,100419.607421875
99,buy,18066.97265625,82352.634765625
99,sell,18082.0703125,100434.705078125
100,buy,18053.40625,82381.298828125
100,sell,18067.001953125,100448.30078125
101,buy,18039.326171875,82408.974609375
101,sell,18047.125,100456.099609375
102,buy,18028.458984375,82427.640625
102,sell,18040.173828125,100467.814453125
103,buy,18015.068359375,82452.74609375
103,sell,18019.66796875,100472.4140625
104,buy,18015.41796875,82456.99609375
104,sell,18028.212890625,100485.208984375
105,buy,18007.125,82478.083984375
105,sell,18009.93359375,100488.017578125
106,buy,17987.373046875,82500.64453125
106,sell,17990.30859375,100490.953125
107,buy,17949.49609375,82541.45703125
107,sell,17959.986328125,100501.443359375
109,buy,17879.79296875,82621.650390625
109,sell,17879.79296875,100501.443359375
110,buy,17860.390625,82641.052734375
110,sell,17860.390625,100501.443359375
113,buy,17807.232421875,82694.2109375
113,sell,17825.12890625,100519.33984375
114,buy,17805.37890625,82713.9609375
114,sell,17805.37890625,100519.33984375
115,buy,17798.927734375,82720.412109375
115,sell,17798.927734375,100519.33984375
116,buy,17786.427734375,82732.912109375
116,sell,17786.427734375,100519.33984375
119,buy,17791.173828125,82728.166015625
119,sell,17791.173828125,100519.33984375
120,buy,17801.931640625,82717.408203125
120,sell,17804.3515625,100521.759765625
123,buy,17798.705078125,82723.0546875
123,sell,17798.705078125,100521.759765625
124,buy,17809.921875,82711.837890625
124,sell,17809.921875,100521.759765625
127,buy,17841.736328125,82680.0234375
127,sell,17841.736328125,100521.759765625
128,buy,17850.0625,82671.697265625
128,sell,17850.0625,100521.759765625
129,buy,17867.333984375,82654.42578125
129,sell,17867.333984375,100521.759765625
133,buy,17806.7421875,82715.017578125
133,sell,17806.7421875,100521.759765625
134,buy,17802.53515625,82719.224609375
134,sell,17802.53515625,100521.759765625
139,buy,17805.64453125,82716.115234375
139,sell,17805.64453125,100521.759765625
141,buy,17779.45703125,82742.302734375
141,sell,17779.45703125,100521.759765625
142,buy,17780.3359375,82741.423828125
142,sell,17780.3359375,100521.759765625
145,buy,17744.70703125,82777.052734375
145,sell,17744.70703125,100521.759765625
148,buy,17713.884765625,82807.875
148,sell,17713.884765625,100521.759765625
152,buy,17694.44140625,82827.318359375
152,sell,17694.44140625,100521.759765625
156,buy,17673.484375,82848.275390625
156,sell,17673.484375,100521.759765625
159,buy,17686.462890625,82835.296875
159,sell,17686.462890625,100521.759765625
160,buy,17686.76171875,82834.998046875
160,sell,17686.76171875,100521.759765625
161,buy,17709.791015625,82811.96875
161,sell,17709.791015625,100521.759765625
162,buy,17709.833984375,82811.92578125
162,sell,17709.833984375,100521.759765625
163,buy,17718.181640625,82803.578125
163,sell,17718.181640625,100521.759765625
165,buy,17742.923828125,82778.8359375
165,sell,17742.923828125,100521.759765625
167,buy,17737.419921875,82784.33984375
167,sell,17737.419921875,100521.759765625
171,buy,17713.1875,82808.572265625
171,sell,17713.1875,100521.759765625
173,buy,17672.109375,82849.650390625
173,sell,17672.109375,100521.759765625
174,buy,17667.37109375,82854.388671875
174,sell,17667.37109375,100521.759765625
176,buy,17650.900390625,82870.859375
176,sell,17650.900390625,100521.759765625
177,buy,17647.083984375,82874.67578125
177,sell,17647.083984375,100521.759765625
178,buy,17637.31640625,82884.443359375
178,sell,17637.31640625,100521.759765625
181,buy,17625.71875,82896.041015625
181,sell,17625.71875,100521.759765625
187,buy,17626.01171875,82895.748046875
187,sell,17633.185546875,100528.93359375
189,buy,17632.009765625,82896.923828125
189,sell,17632.009765625,100528.93359375
192,buy,17645.478515625,82883.455078125
192,sell,17645.75,100529.205078125
195,buy,17621.673828125,82907.53125
195,sell,17621.673828125,100529.205078125
196,buy,17612.43359375,82916.771484375
196,sell,17612.43359375,100529.205078125
197,buy,17637.716796875,82891.48828125
197,sell,17637.716796875,100529.205078125
198,buy,17648.546875,82880.658203125
198,sell,17648.546875,100529.205078125
203,buy,17700.232421875,82828.97265625
203,sell,17700.232421875,100529.205078125
204,buy,17693.34765625,82835.857421875
204,sell,17693.34765625,100529.205078125
205,buy,17697.63671875,82831.568359375
205,sell,17697.63671875,100529.205078125
207,buy,17701.5546875,82827.650390625
207,sell,17701.5546875,100529.205078125
209,buy,17725.517578125,82803.6875
209,sell,17725.517578125,100529.205078125
210,buy,17738.4140625,82790.791015625
210,sell,17738.4140625,100529.205078125
211,buy,17750.474609375,82778.73046875
211,sell,17750.474609375,100529.205078125
215,buy,17800.5078125,82728.697265625
215,sell,17800.798828125,100529.49609375
